<?xml version="1.0" encoding="UTF-8"?>
<!-- Generated by org.testng.reporters.JUnitReportReporter -->
<testsuite hostname="wsa-190" name="com.example.tests.TestContactCreation" tests="1" failures="0" timestamp="5 Aug 2015 06:58:22 GMT" time="7.310" errors="0">
  <testcase name="shouldCreateContactWithValidData" time="7.310" classname="com.example.tests.TestContactCreation"/>
</testsuite> <!-- com.example.tests.TestContactCreation -->
